<?xml version="1.0" encoding="UTF-8"?>
<testsuite name="com.cards.Test.TestDeck" tests="8" skipped="0" failures="0" errors="0" timestamp="2017-10-21T05:42:19" hostname="Balamurugan" time="0.011">
  <properties/>
  <testcase name="testAddDeck" classname="com.cards.Test.TestDeck" time="0.0"/>
  <testcase name="testUpdateDeck" classname="com.cards.Test.TestDeck" time="0.0"/>
  <testcase name="testCreateDeck" classname="com.cards.Test.TestDeck" time="0.0"/>
  <testcase name="testRemove" classname="com.cards.Test.TestDeck" time="0.001"/>
  <testcase name="testAddDeck" classname="com.cards.Test.TestDeck" time="0.0"/>
  <testcase name="testUpdateDeck" classname="com.cards.Test.TestDeck" time="0.0"/>
  <testcase name="testCreateDeck" classname="com.cards.Test.TestDeck" time="0.0"/>
  <testcase name="testRemove" classname="com.cards.Test.TestDeck" time="0.001"/>
  <system-out><![CDATA[]]></system-out>
  <system-err><![CDATA[]]></system-err>
</testsuite>
